<?xml version="1.0" encoding="UTF-8"?>
<!-- Generated by org.testng.reporters.JUnitReportReporter -->
<testsuite hostname="LAPTOP-0T7QINT9" failures="0" tests="3" name="com.zohocrm.testscript.CustomerModule" time="0.019" errors="0" timestamp="2023-12-17T13:12:24 IST" skipped="0">
  <testcase classname="com.zohocrm.testscript.CustomerModule" name="deleteCustomer" time="0.001"/>
  <system-out>
    <![CDATA[deleteCustomer]]>
  </system-out>
  <testcase classname="com.zohocrm.testscript.CustomerModule" name="modifyCustomer" time="0.002"/>
  <system-out>
    <![CDATA[modifyCustomer]]>
  </system-out>
  <testcase classname="com.zohocrm.testscript.CustomerModule" name="createCustomer" time="0.016"/>
  <system-out>
    <![CDATA[createCustomer]]>
  </system-out>
</testsuite> <!-- com.zohocrm.testscript.CustomerModule -->
